<?xml version="1.0" encoding="UTF-8"?>
<testng-results ignored="0" total="1" passed="1" failed="0" skipped="0">
  <reporter-output>
  </reporter-output>
  <suite started-at="2023-08-09T14:37:34 IST" name="Default suite" finished-at="2023-08-09T14:37:58 IST" duration-ms="23287">
    <groups>
    </groups>
    <test started-at="2023-08-09T14:37:34 IST" name="Default test" finished-at="2023-08-09T14:37:58 IST" duration-ms="23287">
      <class name="tests.FirstPageTest">
        <test-method is-config="true" signature="SetUp()[pri:0, instance:tests.FirstPageTest@6340e5f0]" started-at="2023-08-09T14:37:34 IST" name="SetUp" finished-at="2023-08-09T14:37:47 IST" duration-ms="12796" status="PASS">
          <reporter-output>
          </reporter-output>
        </test-method> <!-- SetUp -->
        <test-method signature="doubleclick()[pri:0, instance:tests.FirstPageTest@6340e5f0]" started-at="2023-08-09T14:37:47 IST" name="doubleclick" finished-at="2023-08-09T14:37:57 IST" duration-ms="10252" status="PASS">
          <reporter-output>
          </reporter-output>
        </test-method> <!-- doubleclick -->
        <test-method is-config="true" signature="tearDown()[pri:0, instance:tests.FirstPageTest@6340e5f0]" started-at="2023-08-09T14:37:58 IST" name="tearDown" finished-at="2023-08-09T14:37:58 IST" duration-ms="141" status="PASS">
          <reporter-output>
          </reporter-output>
        </test-method> <!-- tearDown -->
      </class> <!-- tests.FirstPageTest -->
    </test> <!-- Default test -->
  </suite> <!-- Default suite -->
</testng-results>
